<?xml version="1.0" encoding="UTF-8"?>
<!-- Generated by org.testng.reporters.JUnitReportReporter -->
<testsuite skipped="0" hostname="DESKTOP-TCKKCNF" name="test.LoginPageTest" tests="2" failures="0" timestamp="12 Mar 2023 06:08:31 GMT" time="11.832" errors="0">
  <testcase name="pageTitleTest" time="5.249" classname="test.LoginPageTest"/>
  <testcase name="loginTest" time="6.583" classname="test.LoginPageTest"/>
</testsuite> <!-- test.LoginPageTest -->
