<?xml version="1.0" encoding="UTF-8"?>
<!-- Generated by org.testng.reporters.JUnitReportReporter -->
<testsuite skipped="0" hostname="DESKTOP-TCKKCNF" name="test.LoginPageTest" tests="2" failures="0" timestamp="12 Mar 2023 06:02:09 GMT" time="12.624" errors="0">
  <testcase name="loginTest" time="5.578" classname="test.LoginPageTest"/>
  <testcase name="pageTitleTest" time="7.046" classname="test.LoginPageTest"/>
</testsuite> <!-- test.LoginPageTest -->
